ERROR - 2024-05-01 15:55:10 --> Cannot delete or update a parent row: a foreign key constraint fails (`helmku`.`data_produk`, CONSTRAINT `data_produk_ibfk_1` FOREIGN KEY (`kategori`) REFERENCES `data_kategori` (`id_kategori`))
CRITICAL - 2024-05-01 15:55:10 --> Cannot delete or update a parent row: a foreign key constraint fails (`helmku`.`data_produk`, CONSTRAINT `data_produk_ibfk_1` FOREIGN KEY (`kategori`) REFERENCES `data_kategori` (`id_kategori`))
#0 C:\Users\RIZKY\Documents\RZLabs\helmku\vendor\codeigniter4\framework\system\Database\MySQLi\Connection.php(292): mysqli->query('DELETE FROM `da...', 0)
#1 C:\Users\RIZKY\Documents\RZLabs\helmku\vendor\codeigniter4\framework\system\Database\BaseConnection.php(670): CodeIgniter\Database\MySQLi\Connection->execute('DELETE FROM `da...')
#2 C:\Users\RIZKY\Documents\RZLabs\helmku\vendor\codeigniter4\framework\system\Database\BaseConnection.php(598): CodeIgniter\Database\BaseConnection->simpleQuery('DELETE FROM `da...')
#3 C:\Users\RIZKY\Documents\RZLabs\helmku\vendor\codeigniter4\framework\system\Database\BaseBuilder.php(2225): CodeIgniter\Database\BaseConnection->query('DELETE FROM `da...', Array, false)
#4 C:\Users\RIZKY\Documents\RZLabs\helmku\vendor\codeigniter4\framework\system\Model.php(359): CodeIgniter\Database\BaseBuilder->delete()
#5 C:\Users\RIZKY\Documents\RZLabs\helmku\vendor\codeigniter4\framework\system\BaseModel.php(963): CodeIgniter\Model->doDelete(Array, false)
#6 C:\Users\RIZKY\Documents\RZLabs\helmku\app\Controllers\Dashboard\Kategori.php(72): CodeIgniter\BaseModel->delete(Array)
#7 C:\Users\RIZKY\Documents\RZLabs\helmku\vendor\codeigniter4\framework\system\CodeIgniter.php(832): App\Controllers\Dashboard\Kategori->delete('3')
#8 C:\Users\RIZKY\Documents\RZLabs\helmku\vendor\codeigniter4\framework\system\CodeIgniter.php(419): CodeIgniter\CodeIgniter->runController(Object(App\Controllers\Dashboard\Kategori))
#9 C:\Users\RIZKY\Documents\RZLabs\helmku\vendor\codeigniter4\framework\system\CodeIgniter.php(326): CodeIgniter\CodeIgniter->handleRequest(NULL, Object(Config\Cache), false)
#10 C:\Users\RIZKY\Documents\RZLabs\helmku\public\index.php(37): CodeIgniter\CodeIgniter->run()
#11 C:\Users\RIZKY\Documents\RZLabs\helmku\vendor\codeigniter4\framework\system\Commands\Server\rewrite.php(43): require_once('C:\\Users\\RIZKY\\...')
#12 {main}
CRITICAL - 2024-05-01 18:30:07 --> The ServerKey/ClientKey is contains white-space. Please double-check your API key. Please double-check your ServerKey key. You can check from the Midtrans Dashboard. See https://docs.midtrans.com/en/midtrans-account/overview?id=retrieving-api-access-keys for the details or contact support at support@midtrans.com if you have any questions.
#0 C:\Users\RIZKY\Documents\RZLabs\helmku\vendor\midtrans\midtrans-php\Midtrans\ApiRequestor.php(39): Midtrans\ApiRequestor::remoteCall('https://app.san...', '<your server ke...', Array, 'POST')
#1 C:\Users\RIZKY\Documents\RZLabs\helmku\vendor\midtrans\midtrans-php\Midtrans\Snap.php(108): Midtrans\ApiRequestor::post('https://app.san...', '<your server ke...', Array)
#2 C:\Users\RIZKY\Documents\RZLabs\helmku\vendor\midtrans\midtrans-php\Midtrans\Snap.php(36): Midtrans\Snap::createTransaction(Array)
#3 C:\Users\RIZKY\Documents\RZLabs\helmku\app\Controllers\Payment.php(23): Midtrans\Snap::getSnapToken(Array)
#4 C:\Users\RIZKY\Documents\RZLabs\helmku\vendor\codeigniter4\framework\system\CodeIgniter.php(832): App\Controllers\Payment->index()
#5 C:\Users\RIZKY\Documents\RZLabs\helmku\vendor\codeigniter4\framework\system\CodeIgniter.php(419): CodeIgniter\CodeIgniter->runController(Object(App\Controllers\Payment))
#6 C:\Users\RIZKY\Documents\RZLabs\helmku\vendor\codeigniter4\framework\system\CodeIgniter.php(326): CodeIgniter\CodeIgniter->handleRequest(NULL, Object(Config\Cache), false)
#7 C:\Users\RIZKY\Documents\RZLabs\helmku\public\index.php(37): CodeIgniter\CodeIgniter->run()
#8 C:\Users\RIZKY\Documents\RZLabs\helmku\vendor\codeigniter4\framework\system\Commands\Server\rewrite.php(43): require_once('C:\\Users\\RIZKY\\...')
#9 {main}
CRITICAL - 2024-05-01 18:31:22 --> Midtrans API is returning API error. HTTP status code: 401 API response: {"error_messages":["Access denied due to unauthorized transaction, please check client or server key","Visit https://snap-docs.midtrans.com/#request-headers for more details"]}
#0 C:\Users\RIZKY\Documents\RZLabs\helmku\vendor\midtrans\midtrans-php\Midtrans\ApiRequestor.php(39): Midtrans\ApiRequestor::remoteCall('https://app.san...', 'Mid-server-Ptow...', Array, 'POST')
#1 C:\Users\RIZKY\Documents\RZLabs\helmku\vendor\midtrans\midtrans-php\Midtrans\Snap.php(108): Midtrans\ApiRequestor::post('https://app.san...', 'Mid-server-Ptow...', Array)
#2 C:\Users\RIZKY\Documents\RZLabs\helmku\vendor\midtrans\midtrans-php\Midtrans\Snap.php(36): Midtrans\Snap::createTransaction(Array)
#3 C:\Users\RIZKY\Documents\RZLabs\helmku\app\Controllers\Payment.php(23): Midtrans\Snap::getSnapToken(Array)
#4 C:\Users\RIZKY\Documents\RZLabs\helmku\vendor\codeigniter4\framework\system\CodeIgniter.php(832): App\Controllers\Payment->index()
#5 C:\Users\RIZKY\Documents\RZLabs\helmku\vendor\codeigniter4\framework\system\CodeIgniter.php(419): CodeIgniter\CodeIgniter->runController(Object(App\Controllers\Payment))
#6 C:\Users\RIZKY\Documents\RZLabs\helmku\vendor\codeigniter4\framework\system\CodeIgniter.php(326): CodeIgniter\CodeIgniter->handleRequest(NULL, Object(Config\Cache), false)
#7 C:\Users\RIZKY\Documents\RZLabs\helmku\public\index.php(37): CodeIgniter\CodeIgniter->run()
#8 C:\Users\RIZKY\Documents\RZLabs\helmku\vendor\codeigniter4\framework\system\Commands\Server\rewrite.php(43): require_once('C:\\Users\\RIZKY\\...')
#9 {main}
CRITICAL - 2024-05-01 18:42:09 --> Undefined variable $snapToken
#0 C:\Users\RIZKY\Documents\RZLabs\helmku\app\Views\detail-order.php(148): CodeIgniter\Debug\Exceptions->errorHandler(2, 'Undefined varia...', 'C:\\Users\\RIZKY\\...', 148)
#1 C:\Users\RIZKY\Documents\RZLabs\helmku\vendor\codeigniter4\framework\system\View\View.php(210): include('C:\\Users\\RIZKY\\...')
#2 C:\Users\RIZKY\Documents\RZLabs\helmku\vendor\codeigniter4\framework\system\View\View.php(213): CodeIgniter\View\View->CodeIgniter\View\{closure}()
#3 C:\Users\RIZKY\Documents\RZLabs\helmku\vendor\codeigniter4\framework\system\Common.php(1089): CodeIgniter\View\View->render('detail-order', Array, true)
#4 C:\Users\RIZKY\Documents\RZLabs\helmku\app\Controllers\Pages.php(380): view('detail-order', Array)
#5 C:\Users\RIZKY\Documents\RZLabs\helmku\vendor\codeigniter4\framework\system\CodeIgniter.php(832): App\Controllers\Pages->detailOrder('HLM663228F132E8...')
#6 C:\Users\RIZKY\Documents\RZLabs\helmku\vendor\codeigniter4\framework\system\CodeIgniter.php(419): CodeIgniter\CodeIgniter->runController(Object(App\Controllers\Pages))
#7 C:\Users\RIZKY\Documents\RZLabs\helmku\vendor\codeigniter4\framework\system\CodeIgniter.php(326): CodeIgniter\CodeIgniter->handleRequest(NULL, Object(Config\Cache), false)
#8 C:\Users\RIZKY\Documents\RZLabs\helmku\public\index.php(37): CodeIgniter\CodeIgniter->run()
#9 C:\Users\RIZKY\Documents\RZLabs\helmku\vendor\codeigniter4\framework\system\Commands\Server\rewrite.php(43): require_once('C:\\Users\\RIZKY\\...')
#10 {main}
CRITICAL - 2024-05-01 18:44:08 --> Undefined variable $snapToken
#0 C:\Users\RIZKY\Documents\RZLabs\helmku\app\Views\detail-order.php(148): CodeIgniter\Debug\Exceptions->errorHandler(2, 'Undefined varia...', 'C:\\Users\\RIZKY\\...', 148)
#1 C:\Users\RIZKY\Documents\RZLabs\helmku\vendor\codeigniter4\framework\system\View\View.php(210): include('C:\\Users\\RIZKY\\...')
#2 C:\Users\RIZKY\Documents\RZLabs\helmku\vendor\codeigniter4\framework\system\View\View.php(213): CodeIgniter\View\View->CodeIgniter\View\{closure}()
#3 C:\Users\RIZKY\Documents\RZLabs\helmku\vendor\codeigniter4\framework\system\Common.php(1089): CodeIgniter\View\View->render('detail-order', Array, true)
#4 C:\Users\RIZKY\Documents\RZLabs\helmku\app\Controllers\Pages.php(380): view('detail-order', Array)
#5 C:\Users\RIZKY\Documents\RZLabs\helmku\vendor\codeigniter4\framework\system\CodeIgniter.php(832): App\Controllers\Pages->detailOrder('HLM663228F132E8...')
#6 C:\Users\RIZKY\Documents\RZLabs\helmku\vendor\codeigniter4\framework\system\CodeIgniter.php(419): CodeIgniter\CodeIgniter->runController(Object(App\Controllers\Pages))
#7 C:\Users\RIZKY\Documents\RZLabs\helmku\vendor\codeigniter4\framework\system\CodeIgniter.php(326): CodeIgniter\CodeIgniter->handleRequest(NULL, Object(Config\Cache), false)
#8 C:\Users\RIZKY\Documents\RZLabs\helmku\public\index.php(37): CodeIgniter\CodeIgniter->run()
#9 C:\Users\RIZKY\Documents\RZLabs\helmku\vendor\codeigniter4\framework\system\Commands\Server\rewrite.php(43): require_once('C:\\Users\\RIZKY\\...')
#10 {main}
CRITICAL - 2024-05-01 18:44:09 --> Undefined variable $snapToken
#0 C:\Users\RIZKY\Documents\RZLabs\helmku\app\Views\detail-order.php(148): CodeIgniter\Debug\Exceptions->errorHandler(2, 'Undefined varia...', 'C:\\Users\\RIZKY\\...', 148)
#1 C:\Users\RIZKY\Documents\RZLabs\helmku\vendor\codeigniter4\framework\system\View\View.php(210): include('C:\\Users\\RIZKY\\...')
#2 C:\Users\RIZKY\Documents\RZLabs\helmku\vendor\codeigniter4\framework\system\View\View.php(213): CodeIgniter\View\View->CodeIgniter\View\{closure}()
#3 C:\Users\RIZKY\Documents\RZLabs\helmku\vendor\codeigniter4\framework\system\Common.php(1089): CodeIgniter\View\View->render('detail-order', Array, true)
#4 C:\Users\RIZKY\Documents\RZLabs\helmku\app\Controllers\Pages.php(380): view('detail-order', Array)
#5 C:\Users\RIZKY\Documents\RZLabs\helmku\vendor\codeigniter4\framework\system\CodeIgniter.php(832): App\Controllers\Pages->detailOrder('HLM663228F132E8...')
#6 C:\Users\RIZKY\Documents\RZLabs\helmku\vendor\codeigniter4\framework\system\CodeIgniter.php(419): CodeIgniter\CodeIgniter->runController(Object(App\Controllers\Pages))
#7 C:\Users\RIZKY\Documents\RZLabs\helmku\vendor\codeigniter4\framework\system\CodeIgniter.php(326): CodeIgniter\CodeIgniter->handleRequest(NULL, Object(Config\Cache), false)
#8 C:\Users\RIZKY\Documents\RZLabs\helmku\public\index.php(37): CodeIgniter\CodeIgniter->run()
#9 C:\Users\RIZKY\Documents\RZLabs\helmku\vendor\codeigniter4\framework\system\Commands\Server\rewrite.php(43): require_once('C:\\Users\\RIZKY\\...')
#10 {main}
CRITICAL - 2024-05-01 18:44:10 --> Undefined variable $snapToken
#0 C:\Users\RIZKY\Documents\RZLabs\helmku\app\Views\detail-order.php(148): CodeIgniter\Debug\Exceptions->errorHandler(2, 'Undefined varia...', 'C:\\Users\\RIZKY\\...', 148)
#1 C:\Users\RIZKY\Documents\RZLabs\helmku\vendor\codeigniter4\framework\system\View\View.php(210): include('C:\\Users\\RIZKY\\...')
#2 C:\Users\RIZKY\Documents\RZLabs\helmku\vendor\codeigniter4\framework\system\View\View.php(213): CodeIgniter\View\View->CodeIgniter\View\{closure}()
#3 C:\Users\RIZKY\Documents\RZLabs\helmku\vendor\codeigniter4\framework\system\Common.php(1089): CodeIgniter\View\View->render('detail-order', Array, true)
#4 C:\Users\RIZKY\Documents\RZLabs\helmku\app\Controllers\Pages.php(380): view('detail-order', Array)
#5 C:\Users\RIZKY\Documents\RZLabs\helmku\vendor\codeigniter4\framework\system\CodeIgniter.php(832): App\Controllers\Pages->detailOrder('HLM663228F132E8...')
#6 C:\Users\RIZKY\Documents\RZLabs\helmku\vendor\codeigniter4\framework\system\CodeIgniter.php(419): CodeIgniter\CodeIgniter->runController(Object(App\Controllers\Pages))
#7 C:\Users\RIZKY\Documents\RZLabs\helmku\vendor\codeigniter4\framework\system\CodeIgniter.php(326): CodeIgniter\CodeIgniter->handleRequest(NULL, Object(Config\Cache), false)
#8 C:\Users\RIZKY\Documents\RZLabs\helmku\public\index.php(37): CodeIgniter\CodeIgniter->run()
#9 C:\Users\RIZKY\Documents\RZLabs\helmku\vendor\codeigniter4\framework\system\Commands\Server\rewrite.php(43): require_once('C:\\Users\\RIZKY\\...')
#10 {main}
CRITICAL - 2024-05-01 18:44:10 --> Undefined variable $snapToken
#0 C:\Users\RIZKY\Documents\RZLabs\helmku\app\Views\detail-order.php(148): CodeIgniter\Debug\Exceptions->errorHandler(2, 'Undefined varia...', 'C:\\Users\\RIZKY\\...', 148)
#1 C:\Users\RIZKY\Documents\RZLabs\helmku\vendor\codeigniter4\framework\system\View\View.php(210): include('C:\\Users\\RIZKY\\...')
#2 C:\Users\RIZKY\Documents\RZLabs\helmku\vendor\codeigniter4\framework\system\View\View.php(213): CodeIgniter\View\View->CodeIgniter\View\{closure}()
#3 C:\Users\RIZKY\Documents\RZLabs\helmku\vendor\codeigniter4\framework\system\Common.php(1089): CodeIgniter\View\View->render('detail-order', Array, true)
#4 C:\Users\RIZKY\Documents\RZLabs\helmku\app\Controllers\Pages.php(380): view('detail-order', Array)
#5 C:\Users\RIZKY\Documents\RZLabs\helmku\vendor\codeigniter4\framework\system\CodeIgniter.php(832): App\Controllers\Pages->detailOrder('HLM663228F132E8...')
#6 C:\Users\RIZKY\Documents\RZLabs\helmku\vendor\codeigniter4\framework\system\CodeIgniter.php(419): CodeIgniter\CodeIgniter->runController(Object(App\Controllers\Pages))
#7 C:\Users\RIZKY\Documents\RZLabs\helmku\vendor\codeigniter4\framework\system\CodeIgniter.php(326): CodeIgniter\CodeIgniter->handleRequest(NULL, Object(Config\Cache), false)
#8 C:\Users\RIZKY\Documents\RZLabs\helmku\public\index.php(37): CodeIgniter\CodeIgniter->run()
#9 C:\Users\RIZKY\Documents\RZLabs\helmku\vendor\codeigniter4\framework\system\Commands\Server\rewrite.php(43): require_once('C:\\Users\\RIZKY\\...')
#10 {main}
CRITICAL - 2024-05-01 19:05:18 --> Creation of dynamic property App\Controllers\Dashboard\Kategori::$kategoriModel is deprecated
#0 C:\Users\RIZKY\Documents\RZLabs\helmku\app\Controllers\Dashboard\Kategori.php(13): CodeIgniter\Debug\Exceptions->errorHandler(8192, 'Creation of dyn...', 'C:\\Users\\RIZKY\\...', 13)
#1 C:\Users\RIZKY\Documents\RZLabs\helmku\vendor\codeigniter4\framework\system\CodeIgniter.php(809): App\Controllers\Dashboard\Kategori->__construct()
#2 C:\Users\RIZKY\Documents\RZLabs\helmku\vendor\codeigniter4\framework\system\CodeIgniter.php(410): CodeIgniter\CodeIgniter->createController()
#3 C:\Users\RIZKY\Documents\RZLabs\helmku\vendor\codeigniter4\framework\system\CodeIgniter.php(326): CodeIgniter\CodeIgniter->handleRequest(NULL, Object(Config\Cache), false)
#4 C:\Users\RIZKY\Documents\RZLabs\helmku\public\index.php(37): CodeIgniter\CodeIgniter->run()
#5 C:\Users\RIZKY\Documents\RZLabs\helmku\vendor\codeigniter4\framework\system\Commands\Server\rewrite.php(43): require_once('C:\\Users\\RIZKY\\...')
#6 {main}
CRITICAL - 2024-05-01 19:05:22 --> Creation of dynamic property App\Controllers\Dashboard\Kategori::$kategoriModel is deprecated
#0 C:\Users\RIZKY\Documents\RZLabs\helmku\app\Controllers\Dashboard\Kategori.php(13): CodeIgniter\Debug\Exceptions->errorHandler(8192, 'Creation of dyn...', 'C:\\Users\\RIZKY\\...', 13)
#1 C:\Users\RIZKY\Documents\RZLabs\helmku\vendor\codeigniter4\framework\system\CodeIgniter.php(809): App\Controllers\Dashboard\Kategori->__construct()
#2 C:\Users\RIZKY\Documents\RZLabs\helmku\vendor\codeigniter4\framework\system\CodeIgniter.php(410): CodeIgniter\CodeIgniter->createController()
#3 C:\Users\RIZKY\Documents\RZLabs\helmku\vendor\codeigniter4\framework\system\CodeIgniter.php(326): CodeIgniter\CodeIgniter->handleRequest(NULL, Object(Config\Cache), false)
#4 C:\Users\RIZKY\Documents\RZLabs\helmku\public\index.php(37): CodeIgniter\CodeIgniter->run()
#5 C:\Users\RIZKY\Documents\RZLabs\helmku\vendor\codeigniter4\framework\system\Commands\Server\rewrite.php(43): require_once('C:\\Users\\RIZKY\\...')
#6 {main}
CRITICAL - 2024-05-01 19:05:23 --> Creation of dynamic property App\Controllers\Dashboard\Kategori::$kategoriModel is deprecated
#0 C:\Users\RIZKY\Documents\RZLabs\helmku\app\Controllers\Dashboard\Kategori.php(13): CodeIgniter\Debug\Exceptions->errorHandler(8192, 'Creation of dyn...', 'C:\\Users\\RIZKY\\...', 13)
#1 C:\Users\RIZKY\Documents\RZLabs\helmku\vendor\codeigniter4\framework\system\CodeIgniter.php(809): App\Controllers\Dashboard\Kategori->__construct()
#2 C:\Users\RIZKY\Documents\RZLabs\helmku\vendor\codeigniter4\framework\system\CodeIgniter.php(410): CodeIgniter\CodeIgniter->createController()
#3 C:\Users\RIZKY\Documents\RZLabs\helmku\vendor\codeigniter4\framework\system\CodeIgniter.php(326): CodeIgniter\CodeIgniter->handleRequest(NULL, Object(Config\Cache), false)
#4 C:\Users\RIZKY\Documents\RZLabs\helmku\public\index.php(37): CodeIgniter\CodeIgniter->run()
#5 C:\Users\RIZKY\Documents\RZLabs\helmku\vendor\codeigniter4\framework\system\Commands\Server\rewrite.php(43): require_once('C:\\Users\\RIZKY\\...')
#6 {main}
CRITICAL - 2024-05-01 19:06:53 --> Creation of dynamic property App\Controllers\Dashboard\Produk::$kategoriModel is deprecated
#0 C:\Users\RIZKY\Documents\RZLabs\helmku\app\Controllers\Dashboard\Produk.php(14): CodeIgniter\Debug\Exceptions->errorHandler(8192, 'Creation of dyn...', 'C:\\Users\\RIZKY\\...', 14)
#1 C:\Users\RIZKY\Documents\RZLabs\helmku\vendor\codeigniter4\framework\system\CodeIgniter.php(809): App\Controllers\Dashboard\Produk->__construct()
#2 C:\Users\RIZKY\Documents\RZLabs\helmku\vendor\codeigniter4\framework\system\CodeIgniter.php(410): CodeIgniter\CodeIgniter->createController()
#3 C:\Users\RIZKY\Documents\RZLabs\helmku\vendor\codeigniter4\framework\system\CodeIgniter.php(326): CodeIgniter\CodeIgniter->handleRequest(NULL, Object(Config\Cache), false)
#4 C:\Users\RIZKY\Documents\RZLabs\helmku\public\index.php(37): CodeIgniter\CodeIgniter->run()
#5 C:\Users\RIZKY\Documents\RZLabs\helmku\vendor\codeigniter4\framework\system\Commands\Server\rewrite.php(43): require_once('C:\\Users\\RIZKY\\...')
#6 {main}
CRITICAL - 2024-05-01 19:14:46 --> Midtrans API is returning API error. HTTP status code: 400 API response: {"error_messages":["transaction_details.order_id has already been taken"]}
#0 C:\Users\RIZKY\Documents\RZLabs\helmku\vendor\midtrans\midtrans-php\Midtrans\ApiRequestor.php(39): Midtrans\ApiRequestor::remoteCall('https://app.san...', 'SB-Mid-server-h...', Array, 'POST')
#1 C:\Users\RIZKY\Documents\RZLabs\helmku\vendor\midtrans\midtrans-php\Midtrans\Snap.php(108): Midtrans\ApiRequestor::post('https://app.san...', 'SB-Mid-server-h...', Array)
#2 C:\Users\RIZKY\Documents\RZLabs\helmku\vendor\midtrans\midtrans-php\Midtrans\Snap.php(36): Midtrans\Snap::createTransaction(Array)
#3 C:\Users\RIZKY\Documents\RZLabs\helmku\app\Controllers\Pages.php(390): Midtrans\Snap::getSnapToken(Array)
#4 C:\Users\RIZKY\Documents\RZLabs\helmku\vendor\codeigniter4\framework\system\CodeIgniter.php(832): App\Controllers\Pages->detailOrder('HLM66323218348E...')
#5 C:\Users\RIZKY\Documents\RZLabs\helmku\vendor\codeigniter4\framework\system\CodeIgniter.php(419): CodeIgniter\CodeIgniter->runController(Object(App\Controllers\Pages))
#6 C:\Users\RIZKY\Documents\RZLabs\helmku\vendor\codeigniter4\framework\system\CodeIgniter.php(326): CodeIgniter\CodeIgniter->handleRequest(NULL, Object(Config\Cache), false)
#7 C:\Users\RIZKY\Documents\RZLabs\helmku\public\index.php(37): CodeIgniter\CodeIgniter->run()
#8 C:\Users\RIZKY\Documents\RZLabs\helmku\vendor\codeigniter4\framework\system\Commands\Server\rewrite.php(43): require_once('C:\\Users\\RIZKY\\...')
#9 {main}
CRITICAL - 2024-05-01 19:14:52 --> Midtrans API is returning API error. HTTP status code: 400 API response: {"error_messages":["transaction_details.order_id has already been taken"]}
#0 C:\Users\RIZKY\Documents\RZLabs\helmku\vendor\midtrans\midtrans-php\Midtrans\ApiRequestor.php(39): Midtrans\ApiRequestor::remoteCall('https://app.san...', 'SB-Mid-server-h...', Array, 'POST')
#1 C:\Users\RIZKY\Documents\RZLabs\helmku\vendor\midtrans\midtrans-php\Midtrans\Snap.php(108): Midtrans\ApiRequestor::post('https://app.san...', 'SB-Mid-server-h...', Array)
#2 C:\Users\RIZKY\Documents\RZLabs\helmku\vendor\midtrans\midtrans-php\Midtrans\Snap.php(36): Midtrans\Snap::createTransaction(Array)
#3 C:\Users\RIZKY\Documents\RZLabs\helmku\app\Controllers\Pages.php(390): Midtrans\Snap::getSnapToken(Array)
#4 C:\Users\RIZKY\Documents\RZLabs\helmku\vendor\codeigniter4\framework\system\CodeIgniter.php(832): App\Controllers\Pages->detailOrder('HLM66323218348E...')
#5 C:\Users\RIZKY\Documents\RZLabs\helmku\vendor\codeigniter4\framework\system\CodeIgniter.php(419): CodeIgniter\CodeIgniter->runController(Object(App\Controllers\Pages))
#6 C:\Users\RIZKY\Documents\RZLabs\helmku\vendor\codeigniter4\framework\system\CodeIgniter.php(326): CodeIgniter\CodeIgniter->handleRequest(NULL, Object(Config\Cache), false)
#7 C:\Users\RIZKY\Documents\RZLabs\helmku\public\index.php(37): CodeIgniter\CodeIgniter->run()
#8 C:\Users\RIZKY\Documents\RZLabs\helmku\vendor\codeigniter4\framework\system\Commands\Server\rewrite.php(43): require_once('C:\\Users\\RIZKY\\...')
#9 {main}
